

Hit: (0,5, 5,2, 3,0)
Normal: (0,0, 0,0, -1,0)

Hit: (0,5, 5,1, 4,0)
Normal: (0,0, 0,0, -1,0)

Hit: (0,4, 5,0, 3,3)
Normal: (0,0, 1,0, 0,0)

Hit: (0,5, 4,9, 4,0)
Normal: (0,0, 0,0, -1,0)

Hit: (-0,2, 4,7, 5,0)
Normal: (0,0, 0,0, -1,0)

Hit: (-0,3, 5,1, 5,0)
Normal: (0,0, 0,0, -1,0)

Hit: (0,2, 5,1, 5,0)
Normal: (0,0, 0,0, -1,0)

Hit: (0,2, 4,8, 5,0)
Normal: (0,0, 0,0, -1,0)

Hit: (-0,3, 4,7, 6,0)
Normal: (0,0, 0,0, -1,0)

Hit: (-0,4, 5,2, 6,0)
Normal: (0,0, 0,0, -1,0)

Hit: (0,6, 5,2, 6,0)
Normal: (0,0, 0,0, -1,0)

Hit: (0,5, 4,8, 6,0)
Normal: (0,0, 0,0, -1,0)

Hit: (-0,2, 4,7, 7,0)
Normal: (0,0, 0,0, -1,0)

Hit: (-0,3, 5,2, 7,0)
Normal: (0,0, 0,0, -1,0)

Hit: (0,3, 5,2, 7,0)
Normal: (0,0, 0,0, -1,0)

Hit: (0,3, 4,8, 7,0)
Normal: (0,0, 0,0, -1,0)
-------------------------

Hit: (-11,0, 10,2, 14,5)
Normal: (1,0, 0,0, 0,0)

Hit: (-11,0, 10,1, 13,8)
Normal: (1,0, 0,0, 0,0)

Hit: (-10,1, 10,0, 13,5)
Normal: (0,0, 1,0, 0,0)

Hit: (-11,2, 10,0, 13,4)
Normal: (0,0, 1,0, 0,0)

Hit: (-11,0, 10,5, 12,8)
Normal: (1,0, 0,0, 0,0)

Hit: (-11,0, 11,1, 12,8)
Normal: (1,0, 0,0, 0,0)

Hit: (-12,0, 11,5, 12,8)
Normal: (1,0, 0,0, 0,0)

Hit: (-12,0, 11,5, 13,2)
Normal: (1,0, 0,0, 0,0)

Hit: (-12,0, 10,9, 13,2)
Normal: (1,0, 0,0, 0,0)

Hit: (-12,0, 10,9, 12,5)
Normal: (1,0, 0,0, 0,0)

Hit: (-13,0, 11,3, 12,4)
Normal: (1,0, 0,0, 0,0)

Hit: (-13,0, 11,3, 13,1)
Normal: (1,0, 0,0, 0,0)

Hit: (-13,0, 10,7, 13,1)
Normal: (1,0, 0,0, 0,0)

Hit: (-13,0, 10,7, 12,5)
Normal: (1,0, 0,0, 0,0)

Hit: (-14,0, 11,1, 12,5)
Normal: (1,0, 0,0, 0,0)

Hit: (-14,0, 11,3, 13,2)
Normal: (1,0, 0,0, 0,0)

Hit: (-14,0, 10,7, 13,2)
Normal: (1,0, 0,0, 0,0)

Hit: (-14,0, 10,7, 12,7)
Normal: (1,0, 0,0, 0,0)

Hit: (-15,0, 11,2, 12,6)
Normal: (1,0, 0,0, 0,0)

Hit: (-15,0, 11,3, 13,3)
Normal: (1,0, 0,0, 0,0)

Hit: (-15,0, 10,7, 13,3)
Normal: (1,0, 0,0, 0,0)

Hit: (-15,0, 10,7, 12,5)
Normal: (1,0, 0,0, 0,0)

Hit: (-16,0, 10,8, 12,5)
Normal: (1,0, 0,0, 0,0)

Hit: (-17,0, 10,7, 12,3)
Normal: (1,0, 0,0, 0,0)

Hit: (-18,0, 10,5, 12,3)
Normal: (1,0, 0,0, 0,0)

Hit: (-19,0, 10,5, 12,2)
Normal: (1,0, 0,0, 0,0)

Hit: (-9,4, 10,2, 11,0)
Normal: (0,0, 0,0, 1,0)

Hit: (-9,3, 9,8, 11,0)
Normal: (0,0, 0,0, 1,0)

Hit: (-10,0, 9,6, 10,6)
Normal: (1,0, 0,0, 0,0)

Hit: (-2,4, 13,0, 14,5)
Normal: (0,0, 1,0, 0,0)

Hit: (-1,5, 13,0, 14,6)
Normal: (0,0, 1,0, 0,0)

Hit: (-1,6, 12,6, 15,0)
Normal: (0,0, 0,0, -1,0)

Hit: (-1,6, 12,0, 14,8)
Normal: (0,0, 1,0, 0,0)

Hit: (-1,6, 12,0, 15,1)
Normal: (0,0, 1,0, 0,0)

Hit: (-2,0, 12,4, 15,3)
Normal: (1,0, 0,0, 0,0)

Hit: (-2,0, 11,9, 15,3)
Normal: (1,0, 0,0, 0,0)

Hit: (-2,1, 12,0, 14,7)
Normal: (0,0, 1,0, 0,0)

Hit: (-1,9, 12,0, 13,9)
Normal: (0,0, 1,0, 0,0)

Hit: (-2,0, 12,0, 13,7)
Normal: (0,0, 1,0, 0,0)

Hit: (-1,9, 11,0, 13,4)
Normal: (0,0, 1,0, 0,0)

Hit: (-2,1, 11,0, 13,4)
Normal: (0,0, 1,0, 0,0)

Hit: (-0,8, 12,0, 13,4)
Normal: (0,0, 1,0, 0,0)

Hit: (-0,7, 13,0, 14,5)
Normal: (0,0, 1,0, 0,0)

Hit: (-0,7, 12,0, 14,1)
Normal: (0,0, 1,0, 0,0)

Hit: (-0,6, 11,0, 13,7)
Normal: (0,0, 1,0, 0,0)

Hit: (-0,6, 11,0, 14,2)
Normal: (0,0, 1,0, 0,0)

Hit: (-0,4, 13,0, 15,2)
Normal: (0,0, 1,0, 0,0)

Hit: (-0,5, 12,0, 15,2)
Normal: (0,0, 1,0, 0,0)

Hit: (-0,5, 11,0, 15,2)
Normal: (0,0, 1,0, 0,0)

Hit: (0,0, 11,6, 15,5)
Normal: (-1,0, 0,0, 0,0)

Hit: (0,0, 12,2, 15,4)
Normal: (-1,0, 0,0, 0,0)

Hit: (0,0, 12,4, 14,9)
Normal: (-1,0, 0,0, 0,0)

Hit: (0,2, 12,0, 14,7)
Normal: (0,0, 1,0, 0,0)

Hit: (1,0, 12,1, 14,6)
Normal: (-1,0, 0,0, 0,0)

Hit: (1,0, 12,1, 15,3)
Normal: (-1,0, 0,0, 0,0)

Hit: (1,0, 11,9, 15,2)
Normal: (-1,0, 0,0, 0,0)

Hit: (1,0, 11,9, 14,8)
Normal: (-1,0, 0,0, 0,0)

Hit: (2,0, 12,4, 14,7)
Normal: (-1,0, 0,0, 0,0)

Hit: (2,0, 12,4, 15,4)
Normal: (-1,0, 0,0, 0,0)

Hit: (2,0, 12,0, 15,4)
Normal: (-1,0, 0,0, 0,0)

Hit: (2,0, 12,0, 14,6)
Normal: (-1,0, 0,0, 0,0)

Hit: (1,7, 12,2, 16,0)
Normal: (0,0, 0,0, -1,0)

Hit: (2,0, 12,2, 16,0)
Normal: (0,0, 0,0, -1,0)

Hit: (1,5, 12,0, 16,0)
Normal: (0,0, 0,0, -1,0)

Hit: (2,0, 12,0, 16,1)
Normal: (-1,0, 0,0, 0,0)

Hit: (0,4, 12,3, 16,0)
Normal: (0,0, 0,0, -1,0)

Hit: (0,3, 11,9, 16,0)
Normal: (0,0, 0,0, -1,0)

Hit: (-0,7, 12,1, 16,0)
Normal: (0,0, 0,0, -1,0)

Hit: (-0,6, 11,8, 16,0)
Normal: (0,0, 0,0, -1,0)

Hit: (-1,3, 12,1, 16,0)
Normal: (0,0, 0,0, -1,0)

Hit: (-1,4, 11,9, 16,0)
Normal: (0,0, 0,0, -1,0)

Hit: (-2,0, 12,2, 16,1)
Normal: (1,0, 0,0, 0,0)

Hit: (-2,0, 11,8, 16,1)
Normal: (1,0, 0,0, 0,0)

Hit: (-2,4, 12,2, 17,0)
Normal: (0,0, 0,0, -1,0)

Hit: (-2,4, 11,7, 17,0)
Normal: (0,0, 0,0, -1,0)

Hit: (-1,8, 12,1, 17,0)
Normal: (0,0, 0,0, -1,0)

Hit: (-1,7, 11,6, 17,0)
Normal: (0,0, 0,0, -1,0)

Hit: (-0,9, 12,0, 17,0)
Normal: (0,0, 0,0, -1,0)

Hit: (-0,8, 11,6, 17,0)
Normal: (0,0, 0,0, -1,0)

Hit: (0,0, 12,1, 17,1)
Normal: (-1,0, 0,0, 0,0)

Hit: (0,2, 11,8, 17,0)
Normal: (0,0, 0,0, -1,0)

Hit: (1,0, 12,2, 17,1)
Normal: (-1,0, 0,0, 0,0)

Hit: (1,1, 11,9, 17,0)
Normal: (0,0, 0,0, -1,0)

Hit: (0,0, 13,0, 16,0)
Normal: (0,0, 0,0, -1,0)

Hit: (-0,1, 13,3, 17,0)
Normal: (0,0, 0,0, -1,0)

Hit: (0,0, 13,1, 16,4)
Normal: (-1,0, 0,0, 0,0)

Hit: (0,3, 13,3, 17,0)
Normal: (0,0, 0,0, -1,0)

Hit: (-1,0, 13,0, 16,0)
Normal: (0,0, 0,0, -1,0)

Hit: (-1,2, 13,3, 17,0)
Normal: (0,0, 0,0, -1,0)

Hit: (-1,3, 13,5, 18,0)
Normal: (0,0, 0,0, -1,0)

Hit: (-1,4, 14,0, 18,2)
Normal: (0,0, -1,0, 0,0)

Hit: (1,0, 13,5, 17,6)
Normal: (-1,0, 0,0, 0,0)

Hit: (1,0, 14,3, 17,7)
Normal: (-1,0, 0,0, 0,0)

Hit: (1,0, 13,7, 16,8)
Normal: (-1,0, 0,0, 0,0)

Hit: (1,0, 14,3, 16,8)
Normal: (-1,0, 0,0, 0,0)

Hit: (1,0, 13,7, 15,8)
Normal: (-1,0, 0,0, 0,0)

Hit: (0,1, 13,5, 15,0)
Normal: (0,0, 0,0, 1,0)

Hit: (1,0, 13,7, 14,3)
Normal: (-1,0, 0,0, 0,0)

Hit: (-31,7, 2,5, 122,0)
Normal: (0,0, 0,0, -1,0)

Hit: (0,1, 4,0, 5,1)
Normal: (0,0, 1,0, 0,0)
Int: (0, 4, 5)

Hit: (0,0, 4,2, 5,0)
Normal: (0,0, 0,0, -1,0)
Int: (-1, 5, 5)

Hit: (-0,2, 3,9, 5,0)
Normal: (0,0, 0,0, -1,0)
Int: (-1, 4, 5)

Hit: (-0,3, 3,6, 6,0)
Normal: (0,0, 0,0, -1,0)
Int: (-1, 4, 6)

Hit: (0,3, 3,7, 6,0)
Normal: (0,0, 0,0, -1,0)
Int: (0, 4, 6)

Hit: (-1,4, 3,1, 9,0)
Normal: (0,0, 0,0, -1,0)
Int: (-2, 4, 9)

Hit: (-1,5, 3,0, 9,2)
Normal: (0,0, 1,0, 0,0)
Int: (-2, 3, 9)

Hit: (-1,6, 2,8, 10,0)
Normal: (0,0, 0,0, -1,0)
Int: (-2, 3, 10)

Hit: (-2,5, 1,8, 13,0)
Normal: (0,0, 0,0, -1,0)
Int: (-3, 2, 13)

Hit: (-2,5, 2,0, 13,0)
Normal: (0,0, 0,0, -1,0)
Int: (-3, 3, 13)

Hit: (-2,7, 1,8, 14,0)
Normal: (0,0, 0,0, -1,0)
Int: (-3, 2, 14)

Hit: (-2,6, 2,1, 14,0)
Normal: (0,0, 0,0, -1,0)
Int: (-3, 3, 14)

Hit: (-11,7, -4,0, 8,7)
Normal: (0,0, 1,0, 0,0)
Int: (-12, -4, 8)

Hit: (-11,7, -4,0, 7,5)
Normal: (0,0, 1,0, 0,0)
Int: (-12, -4, 7)

Hit: (-12,7, -5,0, 7,3)
Normal: (0,0, 1,0, 0,0)
Int: (-13, -5, 7)

Hit: (-14,0, -5,7, 7,3)
Normal: (1,0, 0,0, 0,0)
Int: (-15, -5, 7)

Hit: (-13,8, -6,0, 7,3)
Normal: (0,0, 1,0, 0,0)
Int: (-14, -6, 7)

Hit: (-14,2, -6,0, 7,4)
Normal: (0,0, 1,0, 0,0)
Int: (-15, -6, 7)

Hit: (-15,0, -6,2, 7,4)
Normal: (1,0, 0,0, 0,0)
Int: (-16, -6, 7)

Hit: (-16,0, -6,0, 7,4)
Normal: (1,0, 0,0, 0,0)
Int: (-17, -6, 7)

Hit: (-17,0, -6,0, 7,1)
Normal: (1,0, 0,0, 0,0)
Int: (-18, -7, 7)

Hit: (-17,0, -6,3, 7,4)
Normal: (1,0, 0,0, 0,0)
Int: (-18, -6, 7)

Hit: (-18,0, -7,3, 7,3)
Normal: (1,0, 0,0, 0,0)
Int: (-19, -7, 7)

Hit: (-18,0, -6,7, 7,3)
Normal: (1,0, 0,0, 0,0)
Int: (-19, -6, 7)

Hit: (-17,2, -6,6, 7,0)
Normal: (0,0, 0,0, 1,0)
Int: (-18, -6, 6)

Hit: (-17,8, -7,1, 7,0)
Normal: (0,0, 0,0, 1,0)
Int: (-18, -7, 6)

Hit: (-18,0, -7,2, 7,0)
Normal: (1,0, 0,0, 0,0)
Int: (-19, -7, 6)

Hit: (-20,6, -9,0, -3,9)
Normal: (0,0, 1,0, 0,0)
Int: (-21, -9, -4)

Hit: (-20,6, -9,1, -4,0)
Normal: (0,0, 0,0, 1,0)
Int: (-21, -9, -5)

Hit: (-21,0, -9,4, -4,5)
Normal: (1,0, 0,0, 0,0)
Int: (-22, -9, -5)

Hit: (-30,0, -9,2, -12,0)
Normal: (1,0, 0,0, 0,0)
Int: (-31, -9, -13)

Hit: (-19,6, -9,7, -15,0)
Normal: (0,0, 0,0, 1,0)
Int: (-20, -9, -16)

Hit: (-20,5, -9,6, -15,0)
Normal: (0,0, 0,0, 1,0)
Int: (-21, -9, -16)

Hit: (-17,9, -9,0, -13,3)
Normal: (0,0, -1,0, 0,0)
Int: (-18, -9, -14)

Hit: (-17,7, -9,0, -13,4)
Normal: (0,0, -1,0, 0,0)
Int: (-18, -9, -14)

Hit: (-17,5, -9,0, -13,2)
Normal: (0,0, -1,0, 0,0)
Int: (-18, -9, -14)

Hit: (-18,5, -9,0, -13,4)
Normal: (0,0, -1,0, 0,0)
Int: (-19, -9, -14)

Hit: (-19,4, -9,0, -13,4)
Normal: (0,0, -1,0, 0,0)
Int: (-20, -9, -14)

Hit: (-20,3, -9,0, -13,4)
Normal: (0,0, -1,0, 0,0)
Int: (-21, -9, -14)
-------------------------

Hit: (-18,6, -9,0, -13,5)
Normal: (0,0, -1,0, 0,0)
Int: (-19, -9, -14)

Hit: (-19,3, -9,0, -13,5)
Normal: (0,0, -1,0, 0,0)
Int: (-20, -9, -14)

Hit: (-20,3, -9,0, -13,4)
Normal: (0,0, -1,0, 0,0)
Int: (-21, -9, -14)

Hit: (-20,4, -9,0, -13,8)
Normal: (0,0, -1,0, 0,0)
Int: (-21, -9, -14)

Hit: (-20,8, -9,0, -13,7)
Normal: (0,0, -1,0, 0,0)
Int: (-21, -9, -14)

Hit: (-21,0, -8,8, -13,7)
Normal: (-1,0, 0,0, 0,0)
Int: (-21, -8, -14)

Hit: (19,3, -1,0, 11,0)
Normal: (0,0, 0,0, -1,0)
Int: (19, 0, 11)

Hit: (19,3, -1,3, 11,0)
Normal: (0,0, 0,0, -1,0)
Int: (19, -1, 11)

Hit: (18,8, 1,0, 10,6)
Normal: (0,0, -1,0, 0,0)
Int: (18, 2, 10)

Hit: (19,2, 1,0, 10,6)
Normal: (0,0, -1,0, 0,0)
Int: (19, 2, 10)

Hit: (-1,4, 5,3, 3,0)
Normal: (0,0, 0,0, -1,0)
Int: (-2, 6, 2)

Hit: (-2,0, 5,5, 2,7)
Normal: (1,0, 0,0, 0,0)
Int: (-3, 6, 2)
-------------------------

Hit: (-3,0, 5,5, 2,9)
Normal: (1,0, 0,0, 0,0)
Int: (-4, 6, 2)
-------------------------

Hit: (-2,6, 5,6, 3,0)
Normal: (0,0, 0,0, -1,0)
Int: (-3, 6, 3)
-------------------------

Hit: (-1,7, 5,6, 3,0)
Normal: (0,0, 0,0, -1,0)
Int: (-2, 6, 3)
-------------------------

Hit: (-12,4, 17,7, 22,0)
Normal: (0,0, 0,0, -1,0)
Int: (-13, 18, 22)

Hit: (0,3, 4,8, 2,0)
Normal: (0,0, 0,0, -1,0)
Int: (0, 5, 2)
-------------------------

Hit: (0,4, 4,3, 3,0)
Normal: (0,0, 0,0, -1,0)
-------------------------

Hit: (1,3, 4,6, 2,0)
Normal: (0,0, 0,0, -1,0)
-------------------------

Hit: (0,7, 4,7, 2,0)
Normal: (0,0, 0,0, -1,0)
-------------------------

Hit: (0,7, 5,0, 2,2)
Normal: (0,0, 1,0, 0,0)
-------------------------

Hit: (12,3, 12,1, 13,0)
Normal: (0,0, 0,0, -1,0)
-------------------------

Hit: (13,5, 13,0, 19,0)
Normal: (0,0, 0,0, -1,0)
-------------------------

Hit: (14,0, 13,4, 18,0)
Normal: (0,0, 0,0, -1,0)
-------------------------

Hit: (13,9, 13,3, 18,0)
Normal: (0,0, 0,0, -1,0)

Hit: (-7,4, -9,0, 67,2)
Normal: (0,0, 1,0, 0,0)
Int: (-8, -9, 67)

Hit: (-5,5, -10,0, 67,1)
Normal: (0,0, 1,0, 0,0)
Int: (-6, -10, 67)

Hit: (-5,4, -3,6, 68,0)
Normal: (0,0, 0,0, -1,0)
Int: (-6, -3, 68)

Hit: (-5,6, -3,6, 69,0)
Normal: (0,0, 0,0, -1,0)
Int: (-6, -3, 69)

Hit: (-5,6, -3,0, 68,2)
Normal: (0,0, -1,0, 0,0)
Int: (-6, -3, 68)

Hit: (-5,6, -3,0, 68,5)
Normal: (0,0, -1,0, 0,0)
Int: (-6, -3, 68)

Hit: (-5,6, -3,0, 68,5)
Normal: (0,0, -1,0, 0,0)
Int: (-6, -3, 68)

Hit: (-5,6, -3,0, 68,6)
Normal: (0,0, -1,0, 0,0)
Int: (-6, -3, 68)

Hit: (-6,6, -3,0, 68,7)
Normal: (0,0, -1,0, 0,0)
Int: (-7, -3, 68)

Hit: (-5,8, -3,0, 66,5)
Normal: (0,0, -1,0, 0,0)
Int: (-6, -3, 66)

Hit: (-5,0, -4,0, 66,5)
Normal: (0,0, -1,0, 0,0)
Int: (-5, -4, 66)

Hit: (-4,6, -4,0, 66,5)
Normal: (0,0, -1,0, 0,0)
Int: (-5, -4, 66)

Hit: (-3,1, -4,0, 66,6)
Normal: (0,0, -1,0, 0,0)
Int: (-4, -4, 66)

Hit: (-3,0, -4,1, 66,5)
Normal: (-1,0, 0,0, 0,0)
Int: (-3, -4, 66)

Hit: (-3,0, -5,9, 66,4)
Normal: (-1,0, 0,0, 0,0)
Int: (-3, -5, 66)

Hit: (-2,0, -6,4, 65,6)
Normal: (-1,0, 0,0, 0,0)
Int: (-2, -6, 65)

Hit: (-2,0, -7,7, 65,5)
Normal: (-1,0, 0,0, 0,0)
Int: (-2, -7, 65)

Hit: (-2,0, -8,5, 65,4)
Normal: (-1,0, 0,0, 0,0)
Int: (-2, -8, 65)

Hit: (-3,0, -9,1, 65,6)
Normal: (-1,0, 0,0, 0,0)
Int: (-3, -9, 65)

Hit: (-2,0, -9,6, 65,6)
Normal: (-1,0, 0,0, 0,0)
Int: (-2, -9, 65)

Hit: (-1,0, -9,5, 65,7)
Normal: (-1,0, 0,0, 0,0)
Int: (-1, -9, 65)

Hit: (0,0, -9,5, 65,8)
Normal: (-1,0, 0,0, 0,0)
Int: (0, -9, 65)

Hit: (1,0, -9,5, 65,7)
Normal: (-1,0, 0,0, 0,0)
Int: (1, -9, 65)

Hit: (-1,0, -8,6, 65,6)
Normal: (-1,0, 0,0, 0,0)
Int: (-1, -8, 65)

Hit: (0,0, -8,0, 65,6)
Normal: (-1,0, 0,0, 0,0)
Int: (0, -8, 65)

Hit: (-1,0, -7,5, 65,7)
Normal: (-1,0, 0,0, 0,0)
Int: (-1, -7, 65)

Hit: (0,0, -7,3, 65,7)
Normal: (-1,0, 0,0, 0,0)
Int: (0, -7, 65)

Hit: (1,0, -8,1, 65,5)
Normal: (-1,0, 0,0, 0,0)
Int: (1, -8, 65)

Hit: (2,0, -8,9, 65,3)
Normal: (-1,0, 0,0, 0,0)
Int: (2, -8, 65)

Hit: (2,0, -9,3, 65,4)
Normal: (-1,0, 0,0, 0,0)
Int: (2, -9, 65)

Hit: (3,0, -9,7, 65,4)
Normal: (-1,0, 0,0, 0,0)
Int: (3, -9, 65)

Hit: (-4,5, -4,0, 66,5)
Normal: (0,0, -1,0, 0,0)
Int: (-5, -4, 66)

Hit: (-4,6, -3,9, 66,0)
Normal: (0,0, 0,0, -1,0)
Int: (-5, -3, 66)

Hit: (-4,0, -3,3, 66,7)
Normal: (-1,0, 0,0, 0,0)
Int: (-5, -3, 66)

Hit: (-4,0, -3,6, 66,6)
Normal: (-1,0, 0,0, 0,0)
Int: (-4, -3, 66)

Hit: (-3,0, -3,6, 66,6)
Normal: (-1,0, 0,0, 0,0)
Int: (-3, -3, 66)

Hit: (-2,7, -3,6, 67,0)
Normal: (0,0, 0,0, -1,0)
Int: (-3, -3, 67)

Hit: (-3,4, -4,0, 67,0)
Normal: (0,0, 0,0, -1,0)
Int: (-4, -4, 67)

Hit: (-3,6, -3,6, 67,0)
Normal: (0,0, 0,0, -1,0)
Int: (-4, -3, 67)

Hit: (-4,2, -3,6, 67,0)
Normal: (0,0, 0,0, -1,0)
Int: (-5, -3, 67)
-------------------------

Hit: (-4,1, -10,0, 64,8)
Normal: (0,0, 1,0, 0,0)
-------------------------

Hit: (-4,1, -9,0, 64,8)
Normal: (0,0, 1,0, 0,0)
-------------------------

Hit: (-3,7, -10,0, 64,7)
Normal: (0,0, 1,0, 0,0)
-------------------------

Hit: (-3,7, -9,0, 64,7)
Normal: (0,0, 1,0, 0,0)
-------------------------

Hit: (-4,5, -10,0, 65,6)
Normal: (0,0, 1,0, 0,0)
-------------------------

Hit: (-4,4, -9,0, 65,6)
Normal: (0,0, 1,0, 0,0)
-------------------------

Hit: (-3,8, -10,0, 66,0)
Normal: (0,0, 1,0, 0,0)
-------------------------

Hit: (-3,8, -9,0, 65,7)
Normal: (0,0, 1,0, 0,0)
-------------------------

Hit: (-5,3, -10,0, 65,7)
Normal: (0,0, 1,0, 0,0)
-------------------------

Hit: (-5,3, -9,0, 65,6)
Normal: (0,0, 1,0, 0,0)
-------------------------
-------------------------

Hit: (-4,5, -11,0, 66,4)
Normal: (0,0, 1,0, 0,0)
-------------------------

Hit: (-4,6, -10,0, 66,5)
Normal: (0,0, 1,0, 0,0)
-------------------------

Hit: (-4,6, -9,0, 66,4)
Normal: (0,0, 1,0, 0,0)

Hit: (9,0, 14,0, -10,3)
Normal: (-1,0, 0,0, 0,0)
Int: (9, 15, -11)

Hit: (10,0, 14,3, -10,5)
Normal: (-1,0, 0,0, 0,0)
Int: (10, 15, -11)

Hit: (11,0, 14,5, -10,6)
Normal: (-1,0, 0,0, 0,0)
Int: (10, 15, -11)

Hit: (11,0, 14,2, -10,4)
Normal: (-1,0, 0,0, 0,0)
Int: (11, 15, -11)

Hit: (11,0, 13,6, -10,4)
Normal: (-1,0, 0,0, 0,0)
Int: (11, 14, -11)

Hit: (12,0, 14,4, -10,6)
Normal: (-1,0, 0,0, 0,0)
Int: (12, 15, -11)

Hit: (10,7, 15,0, -10,4)
Normal: (0,0, -1,0, 0,0)
Int: (10, 16, -11)

Hit: (11,0, 15,2, -10,4)
Normal: (-1,0, 0,0, 0,0)
Int: (11, 16, -11)

Hit: (12,0, 15,6, -10,5)
Normal: (-1,0, 0,0, 0,0)
Int: (11, 16, -11)

Hit: (9,4, 15,0, -10,2)
Normal: (0,0, -1,0, 0,0)
Int: (9, 16, -11)

Hit: (9,2, 16,0, -10,2)
Normal: (0,0, -1,0, 0,0)
Int: (9, 17, -11)

Hit: (9,6, 17,0, -10,3)
Normal: (0,0, -1,0, 0,0)
Int: (9, 18, -11)

Hit: (10,4, 16,0, -10,5)
Normal: (0,0, -1,0, 0,0)
Int: (10, 17, -11)

Hit: (10,4, 17,0, -10,5)
Normal: (0,0, -1,0, 0,0)
Int: (10, 18, -11)

Hit: (11,4, 16,0, -10,4)
Normal: (0,0, -1,0, 0,0)
Int: (11, 17, -11)

Hit: (11,2, 17,0, -10,5)
Normal: (0,0, -1,0, 0,0)
Int: (11, 18, -11)

Hit: (12,5, 15,0, -10,6)
Normal: (0,0, -1,0, 0,0)
Int: (12, 16, -11)

Hit: (9,7, 14,0, -11,2)
Normal: (0,0, -1,0, 0,0)
Int: (9, 15, -12)

Hit: (10,0, 14,0, -11,4)
Normal: (-1,0, 0,0, 0,0)
Int: (10, 15, -12)

Hit: (11,2, 14,0, -11,8)
Normal: (0,0, -1,0, 0,0)
Int: (11, 15, -12)